<?xml version="1.0" encoding="UTF-8"?>
<!-- Generated by org.testng.reporters.JUnitReportReporter -->
<testsuite hostname="CHETAN-PC" name="cucumberMain.TestRunner" tests="1" failures="0" timestamp="3 Nov 2020 10:53:33 GMT" time="26.105" errors="0">
  <testcase name="feature" time="26.105" classname="cucumberMain.TestRunner"/>
</testsuite> <!-- cucumberMain.TestRunner -->
