<?xml version="1.0" encoding="UTF-8"?>
<!-- Generated by org.testng.reporters.JUnitReportReporter -->
<testsuite hostname="CHETAN-PC" name="com.practice.maven.LandingPage" tests="1" failures="0" timestamp="29 Oct 2020 11:47:23 GMT" time="13.717" errors="0">
  <testcase name="navigateToTestPage" time="13.717" classname="com.practice.maven.LandingPage"/>
</testsuite> <!-- com.practice.maven.LandingPage -->
