<?xml version="1.0" encoding="UTF-8"?>
<!-- Generated by org.testng.reporters.JUnitReportReporter -->
<testsuite hostname="CHETAN-PC" name="com.practice.maven.LandingPage" tests="1" failures="0" timestamp="3 Nov 2020 10:47:43 GMT" time="29.334" errors="0">
  <testcase name="navigateToTestPage" time="29.334" classname="com.practice.maven.LandingPage"/>
</testsuite> <!-- com.practice.maven.LandingPage -->
