<?xml version="1.0" encoding="UTF-8"?>
<!-- Generated by org.testng.reporters.JUnitReportReporter -->
<testsuite hostname="CHETAN-PC" name="com.practice.maven.Testing" tests="2" failures="0" timestamp="29 Oct 2020 11:47:22 GMT" time="3.125" errors="0">
  <testcase name="getInputForms" time="0.405" classname="com.practice.maven.Testing"/>
  <testcase name="ClosePopup" time="2.720" classname="com.practice.maven.Testing"/>
</testsuite> <!-- com.practice.maven.Testing -->
